<?xml version="1.0" encoding="UTF-8"?>
<testsuite xmlns:xsi="http://www.w3.org/2001/XMLSchema-instance" xsi:noNamespaceSchemaLocation="https://maven.apache.org/surefire/maven-surefire-plugin/xsd/surefire-test-report.xsd" version="3.0.2" name="com.eduspark.eduspark.config.JwtAuthenticationFilterTests" time="2.086" tests="2" errors="0" skipped="0" failures="0" flakes="0">
  <properties>
[...]
</properties>
  <testcase name="doFilterShouldReturn401WhenTokenMissing" classname="com.eduspark.eduspark.config.JwtAuthenticationFilterTests" time="2.025">
    <system-out><![CDATA[14:49:34.142 [main] WARN com.eduspark.eduspark.config.JwtAuthenticationFilter -- 未授权访问: GET /v1/chat/sessions
]]></system-out>
  </testcase>
  <testcase name="doFilterShouldPassThroughWhenTokenValid" classname="com.eduspark.eduspark.config.JwtAuthenticationFilterTests" time="0.026"/>
</testsuite>